5.4531 	ERROR 	Support for the `sounddevice` audio backend is not available this session. Please install `psychopy-sounddevice` and restart the session to enable support.
12.8238 	WARNING 	User requested fullscreen with size [1280  720], but screen is actually [1920, 1080]. Using actual size
13.8041 	EXP 	Created window1 = Window(allowGUI=True, allowStencil=True, autoLog=True, backendConf=UNKNOWN, backgroundFit=<method-wrapper '__getattribute__' of attributeSetter object at 0x000002615DCFDEE0>, backgroundImage=<method-wrapper '__getattribute__' of attributeSetter object at 0x000002615DCFDE80>, bitsMode=UNKNOWN, blendMode='avg', bpc=(8, 8, 8), color=array([-1., -1., -1.]), colorSpace='rgb', depthBits=8, fullscr=<method-wrapper '__getattribute__' of attributeSetter object at 0x000002615DCFDCD0>, gamma=None, gammaErrorPolicy='raise', infoMsg=UNKNOWN, lms=UNKNOWN, monitor=<psychopy.monitors.calibTools.Monitor object at 0x000002615E2C1DC0>, multiSample=False, name='window1', numSamples=2, pos=[0.0, 0.0], screen=0, size=array([1920, 1080]), stencilBits=8, stereo=False, title='PsychoPy', units='height', useFBO=True, useRetina=False, viewOri=0.0, viewPos=None, viewScale=None, waitBlanking=True, winType='pyglet')
13.8041 	EXP 	window1: backgroundImage = ''
13.8041 	EXP 	window1: backgroundFit = 'none'
13.8043 	EXP 	window1: mouseVisible = <method-wrapper '__getattribute__' of attributeSetter object at 0x000002615DD45040>
13.8046 	EXP 	window1: mouseVisible = <method-wrapper '__getattribute__' of attributeSetter object at 0x000002615DD45040>
13.8069 	EXP 	window1: mouseVisible = <method-wrapper '__getattribute__' of attributeSetter object at 0x000002615DD45040>
13.8076 	EXP 	window1: mouseVisible = <method-wrapper '__getattribute__' of attributeSetter object at 0x000002615DD45040>
13.9064 	EXP 	window1: mouseVisible = <method-wrapper '__getattribute__' of attributeSetter object at 0x000002615DD45040>
13.9066 	EXP 	window1: mouseVisible = <method-wrapper '__getattribute__' of attributeSetter object at 0x000002615DD45040>
13.9074 	EXP 	window1: mouseVisible = <method-wrapper '__getattribute__' of attributeSetter object at 0x000002615DD45040>
13.9081 	EXP 	window1: mouseVisible = <method-wrapper '__getattribute__' of attributeSetter object at 0x000002615DD45040>
13.9433 	EXP 	window1: Attempting to measure frame rate of screen (0) ...
13.9433 	EXP 	window1: recordFrameIntervals = False
14.1076 	EXP 	window1: recordFrameIntervals = True
14.2895 	EXP 	Screen (0) actual frame rate measured at 60.47Hz
14.2895 	EXP 	window1: recordFrameIntervals = False
14.2896 	EXP 	window1: mouseVisible = True
18.6978 	EXP 	generalizability_mini: status = STARTED
18.6983 	EXP 	window1: mouseVisible = True
18.8078 	EXP 	Created begin_text = TextStim(__class__=<class 'psychopy.visual.text.TextStim'>, alignHoriz=method-wrapper(...), alignText='center', alignVert=method-wrapper(...), anchorHoriz='center', anchorVert='center', antialias=True, autoDraw=False, autoLog=True, bold=False, color=array([1., 1., 1.]), colorSpace='rgb', contrast=1.0, depth=0.0, draggable=False, flipHoriz=False, flipVert=False, font='Arial', fontFiles=[], height=0.05, italic=False, languageStyle='LTR', name='begin_text', opacity=1.0, ori=0.0, pos=array([0., 0.]), rgb=UNKNOWN, text=str(...), units='height', win=Window(...), wrapWidth=1)
18.8080 	EXP 	window1: mouseVisible = True
18.8208 	EXP 	Created consent_image = ImageStim(__class__=<class 'psychopy.visual.image.ImageStim'>, anchor=('center', 'center'), autoLog=True, color=array([1., 1., 1.]), colorSpace='rgb', contrast=1.0, depth=0.0, draggable=False, flipHoriz=False, flipVert=False, image='consent1.png', interpolate=True, mask=None, maskParams=None, name='consent_image', opacity=1.0, ori=0.0, pos=array([0., 0.]), size=array([0.6537037 , 0.51481481]), texRes=128.0, units='height', win=Window(...))
18.8210 	EXP 	window1: mouseVisible = True
18.8325 	EXP 	Created text_10 = TextStim(__class__=<class 'psychopy.visual.text.TextStim'>, alignHoriz=method-wrapper(...), alignText='center', alignVert=method-wrapper(...), anchorHoriz='center', anchorVert='center', antialias=True, autoDraw=False, autoLog=True, bold=False, color=array([1., 1., 1.]), colorSpace='rgb', contrast=1.0, depth=-1.0, draggable=False, flipHoriz=False, flipVert=False, font='Arial', fontFiles=[], height=0.04, italic=False, languageStyle='LTR', name='text_10', opacity=1.0, ori=0.0, pos=array([ 0.  , -0.45]), rgb=UNKNOWN, text='Press SPACEBAR to continue.', units='height', win=Window(...), wrapWidth=1)
18.8326 	EXP 	window1: mouseVisible = True
18.8452 	EXP 	Created consent_image_2 = ImageStim(__class__=<class 'psychopy.visual.image.ImageStim'>, anchor=('center', 'center'), autoLog=True, color=array([1., 1., 1.]), colorSpace='rgb', contrast=1.0, depth=0.0, draggable=False, flipHoriz=False, flipVert=False, image='consent2.png', interpolate=True, mask=None, maskParams=None, name='consent_image_2', opacity=1.0, ori=0.0, pos=array([0., 0.]), size=array([0.68148148, 0.32222222]), texRes=128.0, units='height', win=Window(...))
18.8454 	EXP 	window1: mouseVisible = True
18.8495 	EXP 	Created text_39 = TextStim(__class__=<class 'psychopy.visual.text.TextStim'>, alignHoriz=method-wrapper(...), alignText='center', alignVert=method-wrapper(...), anchorHoriz='center', anchorVert='center', antialias=True, autoDraw=False, autoLog=True, bold=False, color=array([1., 1., 1.]), colorSpace='rgb', contrast=1.0, depth=-1.0, draggable=False, flipHoriz=False, flipVert=False, font='Arial', fontFiles=[], height=0.04, italic=False, languageStyle='LTR', name='text_39', opacity=1.0, ori=0.0, pos=array([ 0.  , -0.45]), rgb=UNKNOWN, text='Press SPACEBAR to continue.', units='height', win=Window(...), wrapWidth=1)
18.8496 	EXP 	window1: mouseVisible = True
18.8658 	EXP 	Created consent_image_3 = ImageStim(__class__=<class 'psychopy.visual.image.ImageStim'>, anchor=('center', 'center'), autoLog=True, color=array([1., 1., 1.]), colorSpace='rgb', contrast=1.0, depth=0.0, draggable=False, flipHoriz=False, flipVert=False, image='consent3.png', interpolate=True, mask=None, maskParams=None, name='consent_image_3', opacity=1.0, ori=0.0, pos=array([0., 0.]), size=array([0.67685185, 0.39444444]), texRes=128.0, units='height', win=Window(...))
18.8659 	EXP 	window1: mouseVisible = True
18.8703 	EXP 	Created text_40 = TextStim(__class__=<class 'psychopy.visual.text.TextStim'>, alignHoriz=method-wrapper(...), alignText='center', alignVert=method-wrapper(...), anchorHoriz='center', anchorVert='center', antialias=True, autoDraw=False, autoLog=True, bold=False, color=array([1., 1., 1.]), colorSpace='rgb', contrast=1.0, depth=-1.0, draggable=False, flipHoriz=False, flipVert=False, font='Arial', fontFiles=[], height=0.04, italic=False, languageStyle='LTR', name='text_40', opacity=1.0, ori=0.0, pos=array([ 0.  , -0.45]), rgb=UNKNOWN, text='Press SPACEBAR to continue.', units='height', win=Window(...), wrapWidth=1)
18.8704 	EXP 	window1: mouseVisible = True
18.8825 	EXP 	Created consent_image_4 = ImageStim(__class__=<class 'psychopy.visual.image.ImageStim'>, anchor=('center', 'center'), autoLog=True, color=array([1., 1., 1.]), colorSpace='rgb', contrast=1.0, depth=0.0, draggable=False, flipHoriz=False, flipVert=False, image='consent4.png', interpolate=True, mask=None, maskParams=None, name='consent_image_4', opacity=1.0, ori=0.0, pos=array([0., 0.]), size=array([0.66481481, 0.36203704]), texRes=128.0, units='height', win=Window(...))
18.8826 	EXP 	window1: mouseVisible = True
18.8869 	EXP 	Created text_42 = TextStim(__class__=<class 'psychopy.visual.text.TextStim'>, alignHoriz=method-wrapper(...), alignText='center', alignVert=method-wrapper(...), anchorHoriz='center', anchorVert='center', antialias=True, autoDraw=False, autoLog=True, bold=False, color=array([1., 1., 1.]), colorSpace='rgb', contrast=1.0, depth=-1.0, draggable=False, flipHoriz=False, flipVert=False, font='Arial', fontFiles=[], height=0.04, italic=False, languageStyle='LTR', name='text_42', opacity=1.0, ori=0.0, pos=array([ 0.  , -0.45]), rgb=UNKNOWN, text='Press SPACEBAR to continue.', units='height', win=Window(...), wrapWidth=1)
18.8871 	EXP 	window1: mouseVisible = True
18.9047 	EXP 	Created consent_image_5 = ImageStim(__class__=<class 'psychopy.visual.image.ImageStim'>, anchor=('center', 'center'), autoLog=True, color=array([1., 1., 1.]), colorSpace='rgb', contrast=1.0, depth=0.0, draggable=False, flipHoriz=False, flipVert=False, image='consent5.png', interpolate=True, mask=None, maskParams=None, name='consent_image_5', opacity=1.0, ori=0.0, pos=array([0., 0.]), size=array([0.66574074, 0.45      ]), texRes=128.0, units='height', win=Window(...))
18.9049 	EXP 	window1: mouseVisible = True
18.9091 	EXP 	Created text_43 = TextStim(__class__=<class 'psychopy.visual.text.TextStim'>, alignHoriz=method-wrapper(...), alignText='center', alignVert=method-wrapper(...), anchorHoriz='center', anchorVert='center', antialias=True, autoDraw=False, autoLog=True, bold=False, color=array([1., 1., 1.]), colorSpace='rgb', contrast=1.0, depth=-1.0, draggable=False, flipHoriz=False, flipVert=False, font='Arial', fontFiles=[], height=0.04, italic=False, languageStyle='LTR', name='text_43', opacity=1.0, ori=0.0, pos=array([ 0.  , -0.45]), rgb=UNKNOWN, text='Press SPACEBAR to continue.', units='height', win=Window(...), wrapWidth=1)
18.9092 	EXP 	window1: mouseVisible = True
18.9220 	EXP 	Created consent_image_6 = ImageStim(__class__=<class 'psychopy.visual.image.ImageStim'>, anchor=('center', 'center'), autoLog=True, color=array([1., 1., 1.]), colorSpace='rgb', contrast=1.0, depth=0.0, draggable=False, flipHoriz=False, flipVert=False, image='consent6.png', interpolate=True, mask=None, maskParams=None, name='consent_image_6', opacity=1.0, ori=0.0, pos=array([0., 0.]), size=array([0.67407407, 0.33240741]), texRes=128.0, units='height', win=Window(...))
18.9222 	EXP 	window1: mouseVisible = True
18.9264 	EXP 	Created text_49 = TextStim(__class__=<class 'psychopy.visual.text.TextStim'>, alignHoriz=method-wrapper(...), alignText='center', alignVert=method-wrapper(...), anchorHoriz='center', anchorVert='center', antialias=True, autoDraw=False, autoLog=True, bold=False, color=array([1., 1., 1.]), colorSpace='rgb', contrast=1.0, depth=-1.0, draggable=False, flipHoriz=False, flipVert=False, font='Arial', fontFiles=[], height=0.04, italic=False, languageStyle='LTR', name='text_49', opacity=1.0, ori=0.0, pos=array([ 0.  , -0.45]), rgb=UNKNOWN, text='Press SPACEBAR to continue.', units='height', win=Window(...), wrapWidth=1)
18.9266 	EXP 	window1: mouseVisible = True
18.9587 	EXP 	Created demographic_instr = TextStim(__class__=<class 'psychopy.visual.text.TextStim'>, alignHoriz=method-wrapper(...), alignText='center', alignVert=method-wrapper(...), anchorHoriz='center', anchorVert='center', antialias=True, autoDraw=False, autoLog=True, bold=False, color=array([1., 1., 1.]), colorSpace='rgb', contrast=1.0, depth=0.0, draggable=False, flipHoriz=False, flipVert=False, font='Open Sans', fontFiles=[], height=0.04, italic=False, languageStyle='LTR', name='demographic_instr', opacity=1.0, ori=0.0, pos=array([0., 0.]), rgb=UNKNOWN, text=str(...), units='height', win=Window(...), wrapWidth=1)
18.9589 	EXP 	window1: mouseVisible = True
18.9661 	EXP 	Created text_9 = TextStim(__class__=<class 'psychopy.visual.text.TextStim'>, alignHoriz=method-wrapper(...), alignText='center', alignVert=method-wrapper(...), anchorHoriz='center', anchorVert='center', antialias=True, autoDraw=False, autoLog=True, bold=False, color=array([1., 1., 1.]), colorSpace='rgb', contrast=1.0, depth=-1.0, draggable=False, flipHoriz=False, flipVert=False, font='Open Sans', fontFiles=[], height=0.04, italic=False, languageStyle='LTR', name='text_9', opacity=1.0, ori=0.0, pos=array([ 0. , -0.4]), rgb=UNKNOWN, text='Press SPACEBAR to continue.', units='height', win=Window(...), wrapWidth=1)
18.9663 	EXP 	window1: mouseVisible = True
18.9770 	EXP 	Created age_text = TextStim(__class__=<class 'psychopy.visual.text.TextStim'>, alignHoriz=method-wrapper(...), alignText='center', alignVert=method-wrapper(...), anchorHoriz='center', anchorVert='center', antialias=True, autoDraw=False, autoLog=True, bold=False, color=array([1., 1., 1.]), colorSpace='rgb', contrast=1.0, depth=0.0, draggable=False, flipHoriz=False, flipVert=False, font='Open Sans', fontFiles=[], height=0.05, italic=False, languageStyle='LTR', name='age_text', opacity=1.0, ori=0.0, pos=array([0. , 0.3]), rgb=UNKNOWN, text='Please enter your age in years:\n', units='height', win=Window(...), wrapWidth=1)
18.9774 	EXP 	window1: mouseVisible = True
18.9775 	EXP 	window1: mouseVisible = True
18.9782 	EXP 	window1: mouseVisible = True
18.9789 	EXP 	window1: mouseVisible = True
18.9906 	EXP 	window1: mouseVisible = True
18.9908 	EXP 	window1: mouseVisible = True
18.9915 	EXP 	window1: mouseVisible = True
18.9922 	EXP 	window1: mouseVisible = True
19.0392 	EXP 	window1: mouseVisible = True
19.0502 	EXP 	Created text_3 = TextStim(__class__=<class 'psychopy.visual.text.TextStim'>, alignHoriz=method-wrapper(...), alignText='center', alignVert=method-wrapper(...), anchorHoriz='center', anchorVert='center', antialias=True, autoDraw=False, autoLog=True, bold=False, color=array([1., 1., 1.]), colorSpace='rgb', contrast=1.0, depth=-3.0, draggable=False, flipHoriz=False, flipVert=False, font='Arial', fontFiles=[], height=0.05, italic=False, languageStyle='LTR', name='text_3', opacity=1.0, ori=0.0, pos=array([ 0. , -0.4]), rgb=UNKNOWN, text='Press ENTER to continue.\n', units='height', win=Window(...), wrapWidth=1)
19.0503 	EXP 	window1: mouseVisible = True
19.0663 	EXP 	Created age_text_5 = TextStim(__class__=<class 'psychopy.visual.text.TextStim'>, alignHoriz=method-wrapper(...), alignText='center', alignVert=method-wrapper(...), anchorHoriz='center', anchorVert='center', antialias=True, autoDraw=False, autoLog=True, bold=False, color=array([1., 1., 1.]), colorSpace='rgb', contrast=1.0, depth=0.0, draggable=False, flipHoriz=False, flipVert=False, font='Open Sans', fontFiles=[], height=0.05, italic=False, languageStyle='LTR', name='age_text_5', opacity=1.0, ori=0.0, pos=array([0. , 0.3]), rgb=UNKNOWN, text=str(...), units='height', win=Window(...), wrapWidth=1)
19.0666 	EXP 	window1: mouseVisible = True
19.0668 	EXP 	window1: mouseVisible = True
19.0674 	EXP 	window1: mouseVisible = True
19.0684 	EXP 	window1: mouseVisible = True
19.0804 	EXP 	window1: mouseVisible = True
19.0806 	EXP 	window1: mouseVisible = True
19.0812 	EXP 	window1: mouseVisible = True
19.0820 	EXP 	window1: mouseVisible = True
19.0932 	EXP 	window1: mouseVisible = True
19.0995 	EXP 	Created text_7 = TextStim(__class__=<class 'psychopy.visual.text.TextStim'>, alignHoriz=method-wrapper(...), alignText='center', alignVert=method-wrapper(...), anchorHoriz='center', anchorVert='center', antialias=True, autoDraw=False, autoLog=True, bold=False, color=array([1., 1., 1.]), colorSpace='rgb', contrast=1.0, depth=-3.0, draggable=False, flipHoriz=False, flipVert=False, font='Arial', fontFiles=[], height=0.05, italic=False, languageStyle='LTR', name='text_7', opacity=1.0, ori=0.0, pos=array([ 0. , -0.4]), rgb=UNKNOWN, text='Press ENTER to continue:', units='height', win=Window(...), wrapWidth=1)
19.0997 	EXP 	window1: mouseVisible = True
19.1081 	EXP 	Created age_text_6 = TextStim(__class__=<class 'psychopy.visual.text.TextStim'>, alignHoriz=method-wrapper(...), alignText='center', alignVert=method-wrapper(...), anchorHoriz='center', anchorVert='center', antialias=True, autoDraw=False, autoLog=True, bold=False, color=array([1., 1., 1.]), colorSpace='rgb', contrast=1.0, depth=0.0, draggable=False, flipHoriz=False, flipVert=False, font='Open Sans', fontFiles=[], height=0.05, italic=False, languageStyle='LTR', name='age_text_6', opacity=1.0, ori=0.0, pos=array([0. , 0.3]), rgb=UNKNOWN, text=str(...), units='height', win=Window(...), wrapWidth=1)
19.1085 	EXP 	window1: mouseVisible = True
19.1086 	EXP 	window1: mouseVisible = True
19.1093 	EXP 	window1: mouseVisible = True
19.1100 	EXP 	window1: mouseVisible = True
19.1217 	EXP 	window1: mouseVisible = True
19.1218 	EXP 	window1: mouseVisible = True
19.1227 	EXP 	window1: mouseVisible = True
19.1233 	EXP 	window1: mouseVisible = True
19.1346 	EXP 	window1: mouseVisible = True
19.1397 	EXP 	Created text_8 = TextStim(__class__=<class 'psychopy.visual.text.TextStim'>, alignHoriz=method-wrapper(...), alignText='center', alignVert=method-wrapper(...), anchorHoriz='center', anchorVert='center', antialias=True, autoDraw=False, autoLog=True, bold=False, color=array([1., 1., 1.]), colorSpace='rgb', contrast=1.0, depth=-3.0, draggable=False, flipHoriz=False, flipVert=False, font='Arial', fontFiles=[], height=0.05, italic=False, languageStyle='LTR', name='text_8', opacity=1.0, ori=0.0, pos=array([ 0. , -0.4]), rgb=UNKNOWN, text='Press ENTER to continue.', units='height', win=Window(...), wrapWidth=1)
19.1399 	EXP 	window1: mouseVisible = True
19.1659 	EXP 	Created instructions_text = TextStim(__class__=<class 'psychopy.visual.text.TextStim'>, alignHoriz=method-wrapper(...), alignText='center', alignVert=method-wrapper(...), anchorHoriz='center', anchorVert='center', antialias=True, autoDraw=False, autoLog=True, bold=False, color=array([1., 1., 1.]), colorSpace='rgb', contrast=1.0, depth=0.0, draggable=False, flipHoriz=False, flipVert=False, font='Arial', fontFiles=[], height=0.04, italic=False, languageStyle='LTR', name='instructions_text', opacity=1.0, ori=0.0, pos=array([0., 0.]), rgb=UNKNOWN, text=str(...), units='height', win=Window(...), wrapWidth=1)
19.1661 	EXP 	window1: mouseVisible = True
19.1727 	EXP 	Created text_31 = TextStim(__class__=<class 'psychopy.visual.text.TextStim'>, alignHoriz=method-wrapper(...), alignText='center', alignVert=method-wrapper(...), anchorHoriz='center', anchorVert='center', antialias=True, autoDraw=False, autoLog=True, bold=False, color=array([1., 1., 1.]), colorSpace='rgb', contrast=1.0, depth=-3.0, draggable=False, flipHoriz=False, flipVert=False, font='Open Sans', fontFiles=[], height=0.05, italic=False, languageStyle='LTR', name='text_31', opacity=1.0, ori=0.0, pos=array([ 0. , -0.4]), rgb=UNKNOWN, text='Press ENTER to continue.', units='height', win=Window(...), wrapWidth=1)
19.1728 	EXP 	window1: mouseVisible = True
19.1938 	EXP 	Created experiment_start = TextStim(__class__=<class 'psychopy.visual.text.TextStim'>, alignHoriz=method-wrapper(...), alignText='center', alignVert=method-wrapper(...), anchorHoriz='center', anchorVert='center', antialias=True, autoDraw=False, autoLog=True, bold=False, color=array([1., 1., 1.]), colorSpace='rgb', contrast=1.0, depth=0.0, draggable=False, flipHoriz=False, flipVert=False, font='Arial', fontFiles=[], height=0.05, italic=False, languageStyle='LTR', name='experiment_start', opacity=1.0, ori=0.0, pos=array([0., 0.]), rgb=UNKNOWN, text=str(...), units='height', win=Window(...), wrapWidth=1)
19.1940 	EXP 	window1: mouseVisible = True
19.2055 	EXP 	Created text_32 = TextStim(__class__=<class 'psychopy.visual.text.TextStim'>, alignHoriz=method-wrapper(...), alignText='center', alignVert=method-wrapper(...), anchorHoriz='center', anchorVert='center', antialias=True, autoDraw=False, autoLog=True, bold=False, color=array([1., 1., 1.]), colorSpace='rgb', contrast=1.0, depth=-2.0, draggable=False, flipHoriz=False, flipVert=False, font='Open Sans', fontFiles=[], height=0.05, italic=False, languageStyle='LTR', name='text_32', opacity=1.0, ori=0.0, pos=array([ 0. , -0.4]), rgb=UNKNOWN, text=str(...), units='height', win=Window(...), wrapWidth=1)
19.2056 	EXP 	window1: mouseVisible = True
19.2114 	EXP 	Created image_5 = ImageStim(__class__=<class 'psychopy.visual.image.ImageStim'>, anchor=('center', 'center'), autoLog=True, color=array([1., 1., 1.]), colorSpace='rgb', contrast=1.0, depth=0.0, draggable=False, flipHoriz=False, flipVert=False, image='default.png', interpolate=True, mask=None, maskParams=None, name='image_5', opacity=1.0, ori=0.0, pos=array([0., 0.]), size=array([0.23703704, 0.23703704]), texRes=128.0, units='height', win=Window(...))
19.2115 	EXP 	window1: mouseVisible = True
19.2130 	EXP 	Created text_19 = TextStim(__class__=<class 'psychopy.visual.text.TextStim'>, alignHoriz=method-wrapper(...), alignText='center', alignVert=method-wrapper(...), anchorHoriz='center', anchorVert='center', antialias=True, autoDraw=False, autoLog=True, bold=False, color=array([1., 1., 1.]), colorSpace='rgb', contrast=1.0, depth=-1.0, draggable=False, flipHoriz=False, flipVert=False, font='Open Sans', fontFiles=[], height=0.05, italic=False, languageStyle='LTR', name='text_19', opacity=1.0, ori=0.0, pos=array([ 0. , -0.2]), rgb=UNKNOWN, text='', units='height', win=Window(...), wrapWidth=1)
19.2133 	EXP 	window1: mouseVisible = True
19.2135 	EXP 	window1: mouseVisible = True
19.2142 	EXP 	window1: mouseVisible = True
19.2152 	EXP 	window1: mouseVisible = True
19.2285 	EXP 	window1: mouseVisible = True
19.2286 	EXP 	window1: mouseVisible = True
19.2293 	EXP 	window1: mouseVisible = True
19.2300 	EXP 	window1: mouseVisible = True
19.2416 	EXP 	window1: mouseVisible = True
19.2437 	EXP 	Created text_16 = TextStim(__class__=<class 'psychopy.visual.text.TextStim'>, alignHoriz=method-wrapper(...), alignText='center', alignVert=method-wrapper(...), anchorHoriz='center', anchorVert='center', antialias=True, autoDraw=False, autoLog=True, bold=False, color=array([ 1., -1., -1.]), colorSpace='rgb', contrast=1.0, depth=-5.0, draggable=False, flipHoriz=False, flipVert=False, font='Open Sans', fontFiles=[], height=0.05, italic=False, languageStyle='LTR', name='text_16', opacity=1.0, ori=0.0, pos=array([0. , 0.4]), rgb=UNKNOWN, text='', units='height', win=Window(...), wrapWidth=1)
19.2438 	EXP 	window1: mouseVisible = True
19.2499 	EXP 	Created image_4 = ImageStim(__class__=<class 'psychopy.visual.image.ImageStim'>, anchor=('center', 'center'), autoLog=True, color=array([1., 1., 1.]), colorSpace='rgb', contrast=1.0, depth=0.0, draggable=False, flipHoriz=False, flipVert=False, image='default.png', interpolate=True, mask=None, maskParams=None, name='image_4', opacity=1.0, ori=0.0, pos=array([0., 0.]), size=array([0.23703704, 0.23703704]), texRes=128.0, units='height', win=Window(...))
19.2501 	EXP 	window1: mouseVisible = True
19.2516 	EXP 	Created text_18 = TextStim(__class__=<class 'psychopy.visual.text.TextStim'>, alignHoriz=method-wrapper(...), alignText='center', alignVert=method-wrapper(...), anchorHoriz='center', anchorVert='center', antialias=True, autoDraw=False, autoLog=True, bold=False, color=array([1., 1., 1.]), colorSpace='rgb', contrast=1.0, depth=-1.0, draggable=False, flipHoriz=False, flipVert=False, font='Open Sans', fontFiles=[], height=0.05, italic=False, languageStyle='LTR', name='text_18', opacity=1.0, ori=0.0, pos=array([ 0. , -0.2]), rgb=UNKNOWN, text='', units='height', win=Window(...), wrapWidth=1)
19.2519 	EXP 	window1: mouseVisible = True
19.2522 	EXP 	window1: mouseVisible = True
19.2533 	EXP 	window1: mouseVisible = True
19.2543 	EXP 	window1: mouseVisible = True
19.2664 	EXP 	window1: mouseVisible = True
19.2666 	EXP 	window1: mouseVisible = True
19.2673 	EXP 	window1: mouseVisible = True
19.2683 	EXP 	window1: mouseVisible = True
19.2856 	EXP 	window1: mouseVisible = True
19.2876 	EXP 	Created text_27 = TextStim(__class__=<class 'psychopy.visual.text.TextStim'>, alignHoriz=method-wrapper(...), alignText='center', alignVert=method-wrapper(...), anchorHoriz='center', anchorVert='center', antialias=True, autoDraw=False, autoLog=True, bold=False, color=array([ 1., -1., -1.]), colorSpace='rgb', contrast=1.0, depth=-3.0, draggable=False, flipHoriz=False, flipVert=False, font='Open Sans', fontFiles=[], height=0.05, italic=False, languageStyle='LTR', name='text_27', opacity=1.0, ori=0.0, pos=array([0. , 0.4]), rgb=UNKNOWN, text='', units='height', win=Window(...), wrapWidth=1)
19.2877 	EXP 	window1: mouseVisible = True
19.2895 	EXP 	Created text_38 = TextStim(__class__=<class 'psychopy.visual.text.TextStim'>, alignHoriz=method-wrapper(...), alignText='center', alignVert=method-wrapper(...), anchorHoriz='center', anchorVert='center', antialias=True, autoDraw=False, autoLog=True, bold=False, color=array([1., 1., 1.]), colorSpace='rgb', contrast=1.0, depth=0.0, draggable=False, flipHoriz=False, flipVert=False, font='Open Sans', fontFiles=[], height=0.05, italic=False, languageStyle='LTR', name='text_38', opacity=1.0, ori=0.0, pos=array([0., 0.]), rgb=UNKNOWN, text='', units='height', win=Window(...), wrapWidth=1)
19.2896 	EXP 	window1: mouseVisible = True
19.2990 	EXP 	Created text_21 = TextStim(__class__=<class 'psychopy.visual.text.TextStim'>, alignHoriz=method-wrapper(...), alignText='center', alignVert=method-wrapper(...), anchorHoriz='center', anchorVert='center', antialias=True, autoDraw=False, autoLog=True, bold=False, color=array([1., 1., 1.]), colorSpace='rgb', contrast=1.0, depth=0.0, draggable=False, flipHoriz=False, flipVert=False, font='Open Sans', fontFiles=[], height=0.05, italic=False, languageStyle='LTR', name='text_21', opacity=1.0, ori=0.0, pos=array([0., 0.]), rgb=UNKNOWN, text=str(...), units='height', win=Window(...), wrapWidth=1)
19.2991 	EXP 	window1: mouseVisible = True
19.3049 	EXP 	Created text_33 = TextStim(__class__=<class 'psychopy.visual.text.TextStim'>, alignHoriz=method-wrapper(...), alignText='center', alignVert=method-wrapper(...), anchorHoriz='center', anchorVert='center', antialias=True, autoDraw=False, autoLog=True, bold=False, color=array([1., 1., 1.]), colorSpace='rgb', contrast=1.0, depth=-3.0, draggable=False, flipHoriz=False, flipVert=False, font='Open Sans', fontFiles=[], height=0.05, italic=False, languageStyle='LTR', name='text_33', opacity=1.0, ori=0.0, pos=array([ 0. , -0.4]), rgb=UNKNOWN, text='Press ENTER to continue.', units='height', win=Window(...), wrapWidth=1)
19.3050 	EXP 	window1: mouseVisible = True
19.3106 	EXP 	Created image_6 = ImageStim(__class__=<class 'psychopy.visual.image.ImageStim'>, anchor=('center', 'center'), autoLog=True, color=array([1., 1., 1.]), colorSpace='rgb', contrast=1.0, depth=0.0, draggable=False, flipHoriz=False, flipVert=False, image='default.png', interpolate=True, mask=None, maskParams=None, name='image_6', opacity=1.0, ori=0.0, pos=array([0., 0.]), size=array([0.23703704, 0.23703704]), texRes=128.0, units='height', win=Window(...))
19.3107 	EXP 	window1: mouseVisible = True
19.3254 	EXP 	Created text_20 = TextStim(__class__=<class 'psychopy.visual.text.TextStim'>, alignHoriz=method-wrapper(...), alignText='center', alignVert=method-wrapper(...), anchorHoriz='center', anchorVert='center', antialias=True, autoDraw=False, autoLog=True, bold=False, color=array([1., 1., 1.]), colorSpace='rgb', contrast=1.0, depth=-1.0, draggable=False, flipHoriz=False, flipVert=False, font='Open Sans', fontFiles=[], height=0.03, italic=False, languageStyle='LTR', name='text_20', opacity=1.0, ori=0.0, pos=array([ 0.  , -0.45]), rgb=UNKNOWN, text=str(...), units='height', win=Window(...), wrapWidth=1)
19.3257 	EXP 	window1: mouseVisible = True
19.3259 	EXP 	window1: mouseVisible = True
19.3265 	EXP 	window1: mouseVisible = True
19.3272 	EXP 	window1: mouseVisible = True
19.3395 	EXP 	window1: mouseVisible = True
19.3397 	EXP 	window1: mouseVisible = True
19.3404 	EXP 	window1: mouseVisible = True
19.3410 	EXP 	window1: mouseVisible = True
19.3891 	EXP 	window1: mouseVisible = True
19.4048 	EXP 	Created text_22 = TextStim(__class__=<class 'psychopy.visual.text.TextStim'>, alignHoriz=method-wrapper(...), alignText='center', alignVert=method-wrapper(...), anchorHoriz='center', anchorVert='center', antialias=True, autoDraw=False, autoLog=True, bold=False, color=array([1., 1., 1.]), colorSpace='rgb', contrast=1.0, depth=0.0, draggable=False, flipHoriz=False, flipVert=False, font='Open Sans', fontFiles=[], height=0.05, italic=False, languageStyle='LTR', name='text_22', opacity=1.0, ori=0.0, pos=array([0., 0.]), rgb=UNKNOWN, text=str(...), units='height', win=Window(...), wrapWidth=1)
19.4049 	EXP 	window1: mouseVisible = True
19.4173 	EXP 	Created text_36 = TextStim(__class__=<class 'psychopy.visual.text.TextStim'>, alignHoriz=method-wrapper(...), alignText='center', alignVert=method-wrapper(...), anchorHoriz='center', anchorVert='center', antialias=True, autoDraw=False, autoLog=True, bold=False, color=array([1., 1., 1.]), colorSpace='rgb', contrast=1.0, depth=0.0, draggable=False, flipHoriz=False, flipVert=False, font='Open Sans', fontFiles=[], height=0.05, italic=False, languageStyle='LTR', name='text_36', opacity=1.0, ori=0.0, pos=array([0., 0.]), rgb=UNKNOWN, text="Great! Now we'll begin the training.", units='height', win=Window(...), wrapWidth=1)
19.4175 	EXP 	window1: mouseVisible = True
19.4250 	EXP 	Created text_37 = TextStim(__class__=<class 'psychopy.visual.text.TextStim'>, alignHoriz=method-wrapper(...), alignText='center', alignVert=method-wrapper(...), anchorHoriz='center', anchorVert='center', antialias=True, autoDraw=False, autoLog=True, bold=False, color=array([1., 1., 1.]), colorSpace='rgb', contrast=1.0, depth=-1.0, draggable=False, flipHoriz=False, flipVert=False, font='Open Sans', fontFiles=[], height=0.05, italic=False, languageStyle='LTR', name='text_37', opacity=1.0, ori=0.0, pos=array([ 0. , -0.4]), rgb=UNKNOWN, text='Press ENTER to continue.', units='height', win=Window(...), wrapWidth=1)
19.4252 	EXP 	window1: mouseVisible = True
19.4307 	EXP 	Created image = ImageStim(__class__=<class 'psychopy.visual.image.ImageStim'>, anchor=('center', 'center'), autoLog=True, color=array([1., 1., 1.]), colorSpace='rgb', contrast=1.0, depth=0.0, draggable=False, flipHoriz=False, flipVert=False, image='default.png', interpolate=True, mask=None, maskParams=None, name='image', opacity=1.0, ori=0.0, pos=array([0., 0.]), size=array([0.23703704, 0.23703704]), texRes=128.0, units='height', win=Window(...))
19.4308 	EXP 	window1: mouseVisible = True
19.4322 	EXP 	Created text_11 = TextStim(__class__=<class 'psychopy.visual.text.TextStim'>, alignHoriz=method-wrapper(...), alignText='center', alignVert=method-wrapper(...), anchorHoriz='center', anchorVert='center', antialias=True, autoDraw=False, autoLog=True, bold=False, color=array([1., 1., 1.]), colorSpace='rgb', contrast=1.0, depth=-1.0, draggable=False, flipHoriz=False, flipVert=False, font='Open Sans', fontFiles=[], height=0.05, italic=False, languageStyle='LTR', name='text_11', opacity=1.0, ori=0.0, pos=array([ 0.  , -0.35]), rgb=UNKNOWN, text='', units='height', win=Window(...), wrapWidth=1)
19.4325 	EXP 	window1: mouseVisible = True
19.4326 	EXP 	window1: mouseVisible = True
19.4333 	EXP 	window1: mouseVisible = True
19.4341 	EXP 	window1: mouseVisible = True
19.4460 	EXP 	window1: mouseVisible = True
19.4462 	EXP 	window1: mouseVisible = True
19.4469 	EXP 	window1: mouseVisible = True
19.4475 	EXP 	window1: mouseVisible = True
19.4586 	EXP 	window1: mouseVisible = True
19.4609 	EXP 	Created text_28 = TextStim(__class__=<class 'psychopy.visual.text.TextStim'>, alignHoriz=method-wrapper(...), alignText='center', alignVert=method-wrapper(...), anchorHoriz='center', anchorVert='center', antialias=True, autoDraw=False, autoLog=True, bold=False, color=array([ 1., -1., -1.]), colorSpace='rgb', contrast=1.0, depth=-5.0, draggable=False, flipHoriz=False, flipVert=False, font='Open Sans', fontFiles=[], height=0.05, italic=False, languageStyle='LTR', name='text_28', opacity=1.0, ori=0.0, pos=array([0. , 0.4]), rgb=UNKNOWN, text='', units='height', win=Window(...), wrapWidth=1)
19.4610 	EXP 	window1: mouseVisible = True
19.4663 	EXP 	Created image_8 = ImageStim(__class__=<class 'psychopy.visual.image.ImageStim'>, anchor=('center', 'center'), autoLog=True, color=array([1., 1., 1.]), colorSpace='rgb', contrast=1.0, depth=0.0, draggable=False, flipHoriz=False, flipVert=False, image='default.png', interpolate=True, mask=None, maskParams=None, name='image_8', opacity=1.0, ori=0.0, pos=array([0., 0.]), size=array([0.23703704, 0.23703704]), texRes=128.0, units='height', win=Window(...))
19.4665 	EXP 	window1: mouseVisible = True
19.4680 	EXP 	Created text_17 = TextStim(__class__=<class 'psychopy.visual.text.TextStim'>, alignHoriz=method-wrapper(...), alignText='center', alignVert=method-wrapper(...), anchorHoriz='center', anchorVert='center', antialias=True, autoDraw=False, autoLog=True, bold=False, color=array([1., 1., 1.]), colorSpace='rgb', contrast=1.0, depth=-1.0, draggable=False, flipHoriz=False, flipVert=False, font='Open Sans', fontFiles=[], height=0.05, italic=False, languageStyle='LTR', name='text_17', opacity=1.0, ori=0.0, pos=array([ 0.  , -0.35]), rgb=UNKNOWN, text='', units='height', win=Window(...), wrapWidth=1)
19.4683 	EXP 	window1: mouseVisible = True
19.4685 	EXP 	window1: mouseVisible = True
19.4692 	EXP 	window1: mouseVisible = True
19.4698 	EXP 	window1: mouseVisible = True
19.4815 	EXP 	window1: mouseVisible = True
19.4817 	EXP 	window1: mouseVisible = True
19.4823 	EXP 	window1: mouseVisible = True
19.4830 	EXP 	window1: mouseVisible = True
19.4943 	EXP 	window1: mouseVisible = True
19.4962 	EXP 	Created text_29 = TextStim(__class__=<class 'psychopy.visual.text.TextStim'>, alignHoriz=method-wrapper(...), alignText='center', alignVert=method-wrapper(...), anchorHoriz='center', anchorVert='center', antialias=True, autoDraw=False, autoLog=True, bold=False, color=array([ 1., -1., -1.]), colorSpace='rgb', contrast=1.0, depth=-3.0, draggable=False, flipHoriz=False, flipVert=False, font='Open Sans', fontFiles=[], height=0.05, italic=False, languageStyle='LTR', name='text_29', opacity=1.0, ori=0.0, pos=array([0. , 0.4]), rgb=UNKNOWN, text='', units='height', win=Window(...), wrapWidth=1)
19.4963 	EXP 	window1: mouseVisible = True
19.4980 	EXP 	Created text_38 = TextStim(__class__=<class 'psychopy.visual.text.TextStim'>, alignHoriz=method-wrapper(...), alignText='center', alignVert=method-wrapper(...), anchorHoriz='center', anchorVert='center', antialias=True, autoDraw=False, autoLog=True, bold=False, color=array([1., 1., 1.]), colorSpace='rgb', contrast=1.0, depth=0.0, draggable=False, flipHoriz=False, flipVert=False, font='Open Sans', fontFiles=[], height=0.05, italic=False, languageStyle='LTR', name='text_38', opacity=1.0, ori=0.0, pos=array([0., 0.]), rgb=UNKNOWN, text='', units='height', win=Window(...), wrapWidth=1)
19.4981 	EXP 	window1: mouseVisible = True
19.5282 	EXP 	Created instr = TextStim(__class__=<class 'psychopy.visual.text.TextStim'>, alignHoriz=method-wrapper(...), alignText='center', alignVert=method-wrapper(...), anchorHoriz='center', anchorVert='center', antialias=True, autoDraw=False, autoLog=True, bold=False, color=array([1., 1., 1.]), colorSpace='rgb', contrast=1.0, depth=0.0, draggable=False, flipHoriz=False, flipVert=False, font='Open Sans', fontFiles=[], height=0.04, italic=False, languageStyle='LTR', name='instr', opacity=1.0, ori=0.0, pos=array([0., 0.]), rgb=UNKNOWN, text=str(...), units='height', win=Window(...), wrapWidth=1)
19.5284 	EXP 	window1: mouseVisible = True
19.5330 	EXP 	Created text_34 = TextStim(__class__=<class 'psychopy.visual.text.TextStim'>, alignHoriz=method-wrapper(...), alignText='center', alignVert=method-wrapper(...), anchorHoriz='center', anchorVert='center', antialias=True, autoDraw=False, autoLog=True, bold=False, color=array([1., 1., 1.]), colorSpace='rgb', contrast=1.0, depth=-2.0, draggable=False, flipHoriz=False, flipVert=False, font='Open Sans', fontFiles=[], height=0.05, italic=False, languageStyle='LTR', name='text_34', opacity=1.0, ori=0.0, pos=array([ 0. , -0.4]), rgb=UNKNOWN, text='Press ENTER to continue.', units='height', win=Window(...), wrapWidth=1)
19.5331 	EXP 	window1: mouseVisible = True
19.5440 	EXP 	Created instr_2 = TextStim(__class__=<class 'psychopy.visual.text.TextStim'>, alignHoriz=method-wrapper(...), alignText='center', alignVert=method-wrapper(...), anchorHoriz='center', anchorVert='center', antialias=True, autoDraw=False, autoLog=True, bold=False, color=array([1., 1., 1.]), colorSpace='rgb', contrast=1.0, depth=0.0, draggable=False, flipHoriz=False, flipVert=False, font='Open Sans', fontFiles=[], height=0.04, italic=False, languageStyle='LTR', name='instr_2', opacity=1.0, ori=0.0, pos=array([0., 0.]), rgb=UNKNOWN, text=str(...), units='height', win=Window(...), wrapWidth=1)
19.5441 	EXP 	window1: mouseVisible = True
19.5488 	EXP 	Created text_44 = TextStim(__class__=<class 'psychopy.visual.text.TextStim'>, alignHoriz=method-wrapper(...), alignText='center', alignVert=method-wrapper(...), anchorHoriz='center', anchorVert='center', antialias=True, autoDraw=False, autoLog=True, bold=False, color=array([1., 1., 1.]), colorSpace='rgb', contrast=1.0, depth=-2.0, draggable=False, flipHoriz=False, flipVert=False, font='Open Sans', fontFiles=[], height=0.05, italic=False, languageStyle='LTR', name='text_44', opacity=1.0, ori=0.0, pos=array([ 0. , -0.4]), rgb=UNKNOWN, text='Press ENTER to continue.', units='height', win=Window(...), wrapWidth=1)
19.5489 	EXP 	window1: mouseVisible = True
19.5547 	EXP 	Created prod_image1_3 = ImageStim(__class__=<class 'psychopy.visual.image.ImageStim'>, anchor=('center', 'center'), autoLog=True, color=array([1., 1., 1.]), colorSpace='rgb', contrast=1.0, depth=0.0, draggable=False, flipHoriz=False, flipVert=False, image='default.png', interpolate=True, mask=None, maskParams=None, name='prod_image1_3', opacity=1.0, ori=0.0, pos=array([0., 0.]), size=array([0.23703704, 0.23703704]), texRes=128.0, units='height', win=Window(...))
19.5549 	EXP 	window1: mouseVisible = True
19.5565 	EXP 	Created production_text_3 = TextStim(__class__=<class 'psychopy.visual.text.TextStim'>, alignHoriz=method-wrapper(...), alignText='center', alignVert=method-wrapper(...), anchorHoriz='center', anchorVert='center', antialias=True, autoDraw=False, autoLog=True, bold=False, color=array([1., 1., 1.]), colorSpace='rgb', contrast=1.0, depth=-1.0, draggable=False, flipHoriz=False, flipVert=False, font='Open Sans', fontFiles=[], height=0.05, italic=False, languageStyle='LTR', name='production_text_3', opacity=1.0, ori=0.0, pos=array([ 0. , -0.2]), rgb=UNKNOWN, text='', units='height', win=Window(...), wrapWidth=1)
19.5566 	EXP 	window1: mouseVisible = True
19.5621 	EXP 	Created prod_image1_2 = ImageStim(__class__=<class 'psychopy.visual.image.ImageStim'>, anchor=('center', 'center'), autoLog=True, color=array([1., 1., 1.]), colorSpace='rgb', contrast=1.0, depth=0.0, draggable=False, flipHoriz=False, flipVert=False, image='default.png', interpolate=True, mask=None, maskParams=None, name='prod_image1_2', opacity=1.0, ori=0.0, pos=array([-0.2 ,  0.22]), size=array([0.23703704, 0.23703704]), texRes=128.0, units='height', win=Window(...))
19.5622 	EXP 	window1: mouseVisible = True
19.5687 	EXP 	Created prod_image2_2 = ImageStim(__class__=<class 'psychopy.visual.image.ImageStim'>, anchor=('center', 'center'), autoLog=True, color=array([1., 1., 1.]), colorSpace='rgb', contrast=1.0, depth=-1.0, draggable=False, flipHoriz=False, flipVert=False, image='default.png', interpolate=True, mask=None, maskParams=None, name='prod_image2_2', opacity=1.0, ori=0.0, pos=array([0., 0.]), size=array([0.23703704, 0.23703704]), texRes=128.0, units='height', win=Window(...))
19.5688 	EXP 	window1: mouseVisible = True
19.5747 	EXP 	Created alt_image1_2 = ImageStim(__class__=<class 'psychopy.visual.image.ImageStim'>, anchor=('center', 'center'), autoLog=True, color=array([1., 1., 1.]), colorSpace='rgb', contrast=1.0, depth=-2.0, draggable=False, flipHoriz=False, flipVert=False, image='default.png', interpolate=True, mask=None, maskParams=None, name='alt_image1_2', opacity=1.0, ori=0.0, pos=array([0., 0.]), size=array([0.23703704, 0.23703704]), texRes=128.0, units='height', win=Window(...))
19.5748 	EXP 	window1: mouseVisible = True
19.5809 	EXP 	Created alt_image2_2 = ImageStim(__class__=<class 'psychopy.visual.image.ImageStim'>, anchor=('center', 'center'), autoLog=True, color=array([1., 1., 1.]), colorSpace='rgb', contrast=1.0, depth=-3.0, draggable=False, flipHoriz=False, flipVert=False, image='default.png', interpolate=True, mask=None, maskParams=None, name='alt_image2_2', opacity=1.0, ori=0.0, pos=array([0., 0.]), size=array([0.23703704, 0.23703704]), texRes=128.0, units='height', win=Window(...))
19.5810 	EXP 	window1: mouseVisible = True
19.5867 	EXP 	Created production_image = ImageStim(__class__=<class 'psychopy.visual.image.ImageStim'>, anchor=('center', 'center'), autoLog=True, color=array([1., 1., 1.]), colorSpace='rgb', contrast=1.0, depth=0.0, draggable=False, flipHoriz=False, flipVert=False, image='default.png', interpolate=True, mask=None, maskParams=None, name='production_image', opacity=1.0, ori=0.0, pos=array([0., 0.]), size=array([0.23703704, 0.23703704]), texRes=128.0, units='height', win=Window(...))
19.5870 	EXP 	window1: mouseVisible = True
19.5874 	EXP 	window1: mouseVisible = True
19.5881 	EXP 	window1: mouseVisible = True
19.5888 	EXP 	window1: mouseVisible = True
19.6000 	EXP 	window1: mouseVisible = True
19.6002 	EXP 	window1: mouseVisible = True
19.6010 	EXP 	window1: mouseVisible = True
19.6017 	EXP 	window1: mouseVisible = True
19.6127 	EXP 	window1: mouseVisible = True
19.6179 	EXP 	Created text_12 = TextStim(__class__=<class 'psychopy.visual.text.TextStim'>, alignHoriz=method-wrapper(...), alignText='center', alignVert=method-wrapper(...), anchorHoriz='center', anchorVert='center', antialias=True, autoDraw=False, autoLog=True, bold=False, color=array([1., 1., 1.]), colorSpace='rgb', contrast=1.0, depth=-2.0, draggable=False, flipHoriz=False, flipVert=False, font='Open Sans', fontFiles=[], height=0.03, italic=False, languageStyle='LTR', name='text_12', opacity=1.0, ori=0.0, pos=array([ 0.  , -0.45]), rgb=UNKNOWN, text='Press ENTER to continue.', units='height', win=Window(...), wrapWidth=1)
19.6180 	EXP 	window1: mouseVisible = True
19.6252 	EXP 	Created text_25 = TextStim(__class__=<class 'psychopy.visual.text.TextStim'>, alignHoriz=method-wrapper(...), alignText='center', alignVert=method-wrapper(...), anchorHoriz='center', anchorVert='center', antialias=True, autoDraw=False, autoLog=True, bold=False, color=array([-1., -1., -1.]), colorSpace='rgb', contrast=1.0, depth=0.0, draggable=False, flipHoriz=False, flipVert=False, font='Open Sans', fontFiles=[], height=0.05, italic=False, languageStyle='LTR', name='text_25', opacity=1.0, ori=0.0, pos=array([0. , 0.4]), rgb=UNKNOWN, text=str(...), units='height', win=Window(...), wrapWidth=1)
19.6253 	EXP 	window1: mouseVisible = True
19.6422 	EXP 	Created text_13 = TextStim(__class__=<class 'psychopy.visual.text.TextStim'>, alignHoriz=method-wrapper(...), alignText='center', alignVert=method-wrapper(...), anchorHoriz='center', anchorVert='center', antialias=True, autoDraw=False, autoLog=True, bold=False, color=array([1., 1., 1.]), colorSpace='rgb', contrast=1.0, depth=0.0, draggable=False, flipHoriz=False, flipVert=False, font='Open Sans', fontFiles=[], height=0.04, italic=False, languageStyle='LTR', name='text_13', opacity=1.0, ori=0.0, pos=array([0., 0.]), rgb=UNKNOWN, text=str(...), units='height', win=Window(...), wrapWidth=1)
19.6423 	EXP 	window1: mouseVisible = True
19.6468 	EXP 	Created text_35 = TextStim(__class__=<class 'psychopy.visual.text.TextStim'>, alignHoriz=method-wrapper(...), alignText='center', alignVert=method-wrapper(...), anchorHoriz='center', anchorVert='center', antialias=True, autoDraw=False, autoLog=True, bold=False, color=array([1., 1., 1.]), colorSpace='rgb', contrast=1.0, depth=-2.0, draggable=False, flipHoriz=False, flipVert=False, font='Open Sans', fontFiles=[], height=0.05, italic=False, languageStyle='LTR', name='text_35', opacity=1.0, ori=0.0, pos=array([ 0. , -0.4]), rgb=UNKNOWN, text='Press ENTER to continue.', units='height', win=Window(...), wrapWidth=1)
19.6470 	EXP 	window1: mouseVisible = True
19.6677 	EXP 	Created text_41 = TextStim(__class__=<class 'psychopy.visual.text.TextStim'>, alignHoriz=method-wrapper(...), alignText='center', alignVert=method-wrapper(...), anchorHoriz='center', anchorVert='center', antialias=True, autoDraw=False, autoLog=True, bold=False, color=array([1., 1., 1.]), colorSpace='rgb', contrast=1.0, depth=0.0, draggable=False, flipHoriz=False, flipVert=False, font='Open Sans', fontFiles=[], height=0.05, italic=False, languageStyle='LTR', name='text_41', opacity=1.0, ori=0.0, pos=array([0., 0.]), rgb=UNKNOWN, text=str(...), units='height', win=Window(...), wrapWidth=1)
19.6679 	EXP 	window1: mouseVisible = True
19.6736 	EXP 	Created fc_image1_2 = ImageStim(__class__=<class 'psychopy.visual.image.ImageStim'>, anchor=('center', 'center'), autoLog=True, color=array([1., 1., 1.]), colorSpace='rgb', contrast=1.0, depth=0.0, draggable=False, flipHoriz=False, flipVert=False, image='default.png', interpolate=True, mask=None, maskParams=None, name='fc_image1_2', opacity=1.0, ori=0.0, pos=array([0., 0.]), size=array([0.23703704, 0.23703704]), texRes=128.0, units='height', win=Window(...))
19.6737 	EXP 	window1: mouseVisible = True
19.6752 	EXP 	Created fc_text_2 = TextStim(__class__=<class 'psychopy.visual.text.TextStim'>, alignHoriz=method-wrapper(...), alignText='center', alignVert=method-wrapper(...), anchorHoriz='center', anchorVert='center', antialias=True, autoDraw=False, autoLog=True, bold=False, color=array([1., 1., 1.]), colorSpace='rgb', contrast=1.0, depth=-1.0, draggable=False, flipHoriz=False, flipVert=False, font='Open Sans', fontFiles=[], height=0.05, italic=False, languageStyle='LTR', name='fc_text_2', opacity=1.0, ori=0.0, pos=array([ 0. , -0.2]), rgb=UNKNOWN, text='', units='height', win=Window(...), wrapWidth=1)
19.6753 	EXP 	window1: mouseVisible = True
19.6804 	EXP 	Created fc_image1 = ImageStim(__class__=<class 'psychopy.visual.image.ImageStim'>, anchor=('center', 'center'), autoLog=True, color=array([1., 1., 1.]), colorSpace='rgb', contrast=1.0, depth=0.0, draggable=False, flipHoriz=False, flipVert=False, image='default.png', interpolate=True, mask=None, maskParams=None, name='fc_image1', opacity=1.0, ori=0.0, pos=array([-0.2,  0.2]), size=array([0.23703704, 0.23703704]), texRes=128.0, units='height', win=Window(...))
19.6805 	EXP 	window1: mouseVisible = True
19.6856 	EXP 	Created fc_image2 = ImageStim(__class__=<class 'psychopy.visual.image.ImageStim'>, anchor=('center', 'center'), autoLog=True, color=array([1., 1., 1.]), colorSpace='rgb', contrast=1.0, depth=-1.0, draggable=False, flipHoriz=False, flipVert=False, image='default.png', interpolate=True, mask=None, maskParams=None, name='fc_image2', opacity=1.0, ori=0.0, pos=array([0., 0.]), size=array([0.23703704, 0.23703704]), texRes=128.0, units='height', win=Window(...))
19.6858 	EXP 	window1: mouseVisible = True
19.6910 	EXP 	Created fc_alt_image1 = ImageStim(__class__=<class 'psychopy.visual.image.ImageStim'>, anchor=('center', 'center'), autoLog=True, color=array([1., 1., 1.]), colorSpace='rgb', contrast=1.0, depth=-2.0, draggable=False, flipHoriz=False, flipVert=False, image='default.png', interpolate=True, mask=None, maskParams=None, name='fc_alt_image1', opacity=1.0, ori=0.0, pos=array([0., 0.]), size=array([0.23703704, 0.23703704]), texRes=128.0, units='height', win=Window(...))
19.6911 	EXP 	window1: mouseVisible = True
19.6961 	EXP 	Created fc_alt_image2 = ImageStim(__class__=<class 'psychopy.visual.image.ImageStim'>, anchor=('center', 'center'), autoLog=True, color=array([1., 1., 1.]), colorSpace='rgb', contrast=1.0, depth=-3.0, draggable=False, flipHoriz=False, flipVert=False, image='default.png', interpolate=True, mask=None, maskParams=None, name='fc_alt_image2', opacity=1.0, ori=0.0, pos=array([0., 0.]), size=array([0.23703704, 0.23703704]), texRes=128.0, units='height', win=Window(...))
19.6962 	EXP 	window1: mouseVisible = True
19.7014 	EXP 	Created image_comp = ImageStim(__class__=<class 'psychopy.visual.image.ImageStim'>, anchor=('center', 'center'), autoLog=True, color=array([1., 1., 1.]), colorSpace='rgb', contrast=1.0, depth=0.0, draggable=False, flipHoriz=False, flipVert=False, image='default.png', interpolate=True, mask=None, maskParams=None, name='image_comp', opacity=1.0, ori=0.0, pos=array([0., 0.]), size=array([0.23703704, 0.23703704]), texRes=128.0, units='height', win=Window(...))
19.7016 	EXP 	window1: mouseVisible = True
19.7030 	EXP 	Created text_14 = TextStim(__class__=<class 'psychopy.visual.text.TextStim'>, alignHoriz=method-wrapper(...), alignText='center', alignVert=method-wrapper(...), anchorHoriz='center', anchorVert='center', antialias=True, autoDraw=False, autoLog=True, bold=False, color=array([1., 1., 1.]), colorSpace='rgb', contrast=1.0, depth=-1.0, draggable=False, flipHoriz=False, flipVert=False, font='Open Sans', fontFiles=[], height=0.05, italic=False, languageStyle='LTR', name='text_14', opacity=1.0, ori=0.0, pos=array([0., 0.]), rgb=UNKNOWN, text='', units='height', win=Window(...), wrapWidth=1)
19.7031 	EXP 	window1: mouseVisible = True
19.7046 	EXP 	Created label_right = TextStim(__class__=<class 'psychopy.visual.text.TextStim'>, alignHoriz=method-wrapper(...), alignText='center', alignVert=method-wrapper(...), anchorHoriz='center', anchorVert='center', antialias=True, autoDraw=False, autoLog=True, bold=False, color=array([1., 1., 1.]), colorSpace='rgb', contrast=1.0, depth=-2.0, draggable=False, flipHoriz=False, flipVert=False, font='Open Sans', fontFiles=[], height=0.05, italic=False, languageStyle='LTR', name='label_right', opacity=1.0, ori=0.0, pos=array([0., 0.]), rgb=UNKNOWN, text='', units='height', win=Window(...), wrapWidth=1)
19.7047 	EXP 	window1: mouseVisible = True
19.7101 	EXP 	Created text_15 = TextStim(__class__=<class 'psychopy.visual.text.TextStim'>, alignHoriz=method-wrapper(...), alignText='center', alignVert=method-wrapper(...), anchorHoriz='center', anchorVert='center', antialias=True, autoDraw=False, autoLog=True, bold=False, color=array([1., 1., 1.]), colorSpace='rgb', contrast=1.0, depth=-4.0, draggable=False, flipHoriz=False, flipVert=False, font='Open Sans', fontFiles=[], height=0.03, italic=False, languageStyle='LTR', name='text_15', opacity=1.0, ori=0.0, pos=array([ 0.  , -0.45]), rgb=UNKNOWN, text='Press the left or right arrow.', units='height', win=Window(...), wrapWidth=1)
19.7102 	EXP 	window1: mouseVisible = True
19.7157 	EXP 	Created text_25 = TextStim(__class__=<class 'psychopy.visual.text.TextStim'>, alignHoriz=method-wrapper(...), alignText='center', alignVert=method-wrapper(...), anchorHoriz='center', anchorVert='center', antialias=True, autoDraw=False, autoLog=True, bold=False, color=array([-1., -1., -1.]), colorSpace='rgb', contrast=1.0, depth=0.0, draggable=False, flipHoriz=False, flipVert=False, font='Open Sans', fontFiles=[], height=0.05, italic=False, languageStyle='LTR', name='text_25', opacity=1.0, ori=0.0, pos=array([0. , 0.4]), rgb=UNKNOWN, text=str(...), units='height', win=Window(...), wrapWidth=1)
19.7160 	EXP 	window1: mouseVisible = True
19.7385 	EXP 	Created text_52 = TextStim(__class__=<class 'psychopy.visual.text.TextStim'>, alignHoriz=method-wrapper(...), alignText='center', alignVert=method-wrapper(...), anchorHoriz='center', anchorVert='center', antialias=True, autoDraw=False, autoLog=True, bold=False, color=array([1., 1., 1.]), colorSpace='rgb', contrast=1.0, depth=0.0, draggable=False, flipHoriz=False, flipVert=False, font='Arial', fontFiles=[], height=0.05, italic=False, languageStyle='LTR', name='text_52', opacity=1.0, ori=0.0, pos=array([0., 0.]), rgb=UNKNOWN, text=str(...), units='height', win=Window(...), wrapWidth=1)
19.7386 	EXP 	window1: mouseVisible = True
19.7441 	EXP 	Created prod_image1_4 = ImageStim(__class__=<class 'psychopy.visual.image.ImageStim'>, anchor=('center', 'center'), autoLog=True, color=array([1., 1., 1.]), colorSpace='rgb', contrast=1.0, depth=0.0, draggable=False, flipHoriz=False, flipVert=False, image='default.png', interpolate=True, mask=None, maskParams=None, name='prod_image1_4', opacity=1.0, ori=0.0, pos=array([0., 0.]), size=array([0.23703704, 0.23703704]), texRes=128.0, units='height', win=Window(...))
19.7442 	EXP 	window1: mouseVisible = True
19.7457 	EXP 	Created production_text = TextStim(__class__=<class 'psychopy.visual.text.TextStim'>, alignHoriz=method-wrapper(...), alignText='center', alignVert=method-wrapper(...), anchorHoriz='center', anchorVert='center', antialias=True, autoDraw=False, autoLog=True, bold=False, color=array([1., 1., 1.]), colorSpace='rgb', contrast=1.0, depth=-1.0, draggable=False, flipHoriz=False, flipVert=False, font='Open Sans', fontFiles=[], height=0.05, italic=False, languageStyle='LTR', name='production_text', opacity=1.0, ori=0.0, pos=array([ 0. , -0.2]), rgb=UNKNOWN, text='', units='height', win=Window(...), wrapWidth=1)
19.7458 	EXP 	window1: mouseVisible = True
19.7516 	EXP 	Created prod_image1_5 = ImageStim(__class__=<class 'psychopy.visual.image.ImageStim'>, anchor=('center', 'center'), autoLog=True, color=array([1., 1., 1.]), colorSpace='rgb', contrast=1.0, depth=0.0, draggable=False, flipHoriz=False, flipVert=False, image='default.png', interpolate=True, mask=None, maskParams=None, name='prod_image1_5', opacity=1.0, ori=0.0, pos=array([-0.2 ,  0.22]), size=array([0.23703704, 0.23703704]), texRes=128.0, units='height', win=Window(...))
19.7518 	EXP 	window1: mouseVisible = True
19.7569 	EXP 	Created prod_image2_3 = ImageStim(__class__=<class 'psychopy.visual.image.ImageStim'>, anchor=('center', 'center'), autoLog=True, color=array([1., 1., 1.]), colorSpace='rgb', contrast=1.0, depth=-1.0, draggable=False, flipHoriz=False, flipVert=False, image='default.png', interpolate=True, mask=None, maskParams=None, name='prod_image2_3', opacity=1.0, ori=0.0, pos=array([0.2 , 0.22]), size=array([0.23703704, 0.23703704]), texRes=128.0, units='height', win=Window(...))
19.7570 	EXP 	window1: mouseVisible = True
19.7625 	EXP 	Created alt_image1_3 = ImageStim(__class__=<class 'psychopy.visual.image.ImageStim'>, anchor=('center', 'center'), autoLog=True, color=array([1., 1., 1.]), colorSpace='rgb', contrast=1.0, depth=-2.0, draggable=False, flipHoriz=False, flipVert=False, image='default.png', interpolate=True, mask=None, maskParams=None, name='alt_image1_3', opacity=1.0, ori=0.0, pos=array([ 0.2 , -0.18]), size=array([0.23703704, 0.23703704]), texRes=128.0, units='height', win=Window(...))
19.7627 	EXP 	window1: mouseVisible = True
19.7682 	EXP 	Created alt_image2_3 = ImageStim(__class__=<class 'psychopy.visual.image.ImageStim'>, anchor=('center', 'center'), autoLog=True, color=array([1., 1., 1.]), colorSpace='rgb', contrast=1.0, depth=-3.0, draggable=False, flipHoriz=False, flipVert=False, image='default.png', interpolate=True, mask=None, maskParams=None, name='alt_image2_3', opacity=1.0, ori=0.0, pos=array([-0.2 , -0.18]), size=array([0.23703704, 0.23703704]), texRes=128.0, units='height', win=Window(...))
19.7683 	EXP 	window1: mouseVisible = True
19.7701 	EXP 	Created text_51 = TextStim(__class__=<class 'psychopy.visual.text.TextStim'>, alignHoriz=method-wrapper(...), alignText='center', alignVert=method-wrapper(...), anchorHoriz='center', anchorVert='center', antialias=True, autoDraw=False, autoLog=True, bold=False, color=array([1., 1., 1.]), colorSpace='rgb', contrast=1.0, depth=-4.0, draggable=False, flipHoriz=False, flipVert=False, font='Arial', fontFiles=[], height=0.05, italic=False, languageStyle='LTR', name='text_51', opacity=1.0, ori=0.0, pos=array([0., 0.]), rgb=UNKNOWN, text='', units='height', win=Window(...), wrapWidth=1)
19.7702 	EXP 	window1: mouseVisible = True
19.7759 	EXP 	Created text_25 = TextStim(__class__=<class 'psychopy.visual.text.TextStim'>, alignHoriz=method-wrapper(...), alignText='center', alignVert=method-wrapper(...), anchorHoriz='center', anchorVert='center', antialias=True, autoDraw=False, autoLog=True, bold=False, color=array([-1., -1., -1.]), colorSpace='rgb', contrast=1.0, depth=0.0, draggable=False, flipHoriz=False, flipVert=False, font='Open Sans', fontFiles=[], height=0.05, italic=False, languageStyle='LTR', name='text_25', opacity=1.0, ori=0.0, pos=array([0. , 0.4]), rgb=UNKNOWN, text=str(...), units='height', win=Window(...), wrapWidth=1)
19.7761 	EXP 	window1: mouseVisible = True
19.7910 	EXP 	Created text_45 = TextStim(__class__=<class 'psychopy.visual.text.TextStim'>, alignHoriz=method-wrapper(...), alignText='center', alignVert=method-wrapper(...), anchorHoriz='center', anchorVert='center', antialias=True, autoDraw=False, autoLog=True, bold=False, color=array([1., 1., 1.]), colorSpace='rgb', contrast=1.0, depth=0.0, draggable=False, flipHoriz=False, flipVert=False, font='Open Sans', fontFiles=[], height=0.05, italic=False, languageStyle='LTR', name='text_45', opacity=1.0, ori=0.0, pos=array([0., 0.]), rgb=UNKNOWN, text=str(...), units='height', win=Window(...), wrapWidth=1)
19.7912 	EXP 	window1: mouseVisible = True
19.8141 	EXP 	Created image_2 = ImageStim(__class__=<class 'psychopy.visual.image.ImageStim'>, anchor=('center', 'center'), autoLog=True, color=array([1., 1., 1.]), colorSpace='rgb', contrast=1.0, depth=-1.0, draggable=False, flipHoriz=False, flipVert=False, image='debriefing1.png', interpolate=True, mask=None, maskParams=None, name='image_2', opacity=1.0, ori=0.0, pos=array([0., 0.]), size=array([0.83425926, 0.42037037]), texRes=128.0, units='height', win=Window(...))
19.8142 	EXP 	window1: mouseVisible = True
19.8196 	EXP 	Created text_48 = TextStim(__class__=<class 'psychopy.visual.text.TextStim'>, alignHoriz=method-wrapper(...), alignText='center', alignVert=method-wrapper(...), anchorHoriz='center', anchorVert='center', antialias=True, autoDraw=False, autoLog=True, bold=False, color=array([1., 1., 1.]), colorSpace='rgb', contrast=1.0, depth=-2.0, draggable=False, flipHoriz=False, flipVert=False, font='Open Sans', fontFiles=[], height=0.05, italic=False, languageStyle='LTR', name='text_48', opacity=1.0, ori=0.0, pos=array([ 0.  , -0.45]), rgb=UNKNOWN, text='Press SPACEBAR to continue.', units='height', win=Window(...), wrapWidth=1)
19.8198 	EXP 	window1: mouseVisible = True
19.8387 	EXP 	Created image_3 = ImageStim(__class__=<class 'psychopy.visual.image.ImageStim'>, anchor=('center', 'center'), autoLog=True, color=array([1., 1., 1.]), colorSpace='rgb', contrast=1.0, depth=-1.0, draggable=False, flipHoriz=False, flipVert=False, image='debriefing2.png', interpolate=True, mask=None, maskParams=None, name='image_3', opacity=1.0, ori=0.0, pos=array([0., 0.]), size=array([0.76944444, 0.45185185]), texRes=128.0, units='height', win=Window(...))
19.8388 	EXP 	window1: mouseVisible = True
19.8439 	EXP 	Created text_47 = TextStim(__class__=<class 'psychopy.visual.text.TextStim'>, alignHoriz=method-wrapper(...), alignText='center', alignVert=method-wrapper(...), anchorHoriz='center', anchorVert='center', antialias=True, autoDraw=False, autoLog=True, bold=False, color=array([1., 1., 1.]), colorSpace='rgb', contrast=1.0, depth=-2.0, draggable=False, flipHoriz=False, flipVert=False, font='Open Sans', fontFiles=[], height=0.05, italic=False, languageStyle='LTR', name='text_47', opacity=1.0, ori=0.0, pos=array([ 0.  , -0.45]), rgb=UNKNOWN, text='Press SPACEBAR to continue.', units='height', win=Window(...), wrapWidth=1)
19.8440 	EXP 	window1: mouseVisible = True
19.8605 	EXP 	Created image_9 = ImageStim(__class__=<class 'psychopy.visual.image.ImageStim'>, anchor=('center', 'center'), autoLog=True, color=array([1., 1., 1.]), colorSpace='rgb', contrast=1.0, depth=-1.0, draggable=False, flipHoriz=False, flipVert=False, image='debriefing3.png', interpolate=True, mask=None, maskParams=None, name='image_9', opacity=1.0, ori=0.0, pos=array([0., 0.]), size=array([0.85185185, 0.38148148]), texRes=128.0, units='height', win=Window(...))
19.8606 	EXP 	window1: mouseVisible = True
19.8656 	EXP 	Created text_46 = TextStim(__class__=<class 'psychopy.visual.text.TextStim'>, alignHoriz=method-wrapper(...), alignText='center', alignVert=method-wrapper(...), anchorHoriz='center', anchorVert='center', antialias=True, autoDraw=False, autoLog=True, bold=False, color=array([1., 1., 1.]), colorSpace='rgb', contrast=1.0, depth=-2.0, draggable=False, flipHoriz=False, flipVert=False, font='Open Sans', fontFiles=[], height=0.05, italic=False, languageStyle='LTR', name='text_46', opacity=1.0, ori=0.0, pos=array([ 0.  , -0.45]), rgb=UNKNOWN, text='Press SPACEBAR to continue.', units='height', win=Window(...), wrapWidth=1)
19.8657 	EXP 	window1: mouseVisible = True
19.8747 	EXP 	Created experiment_over = TextStim(__class__=<class 'psychopy.visual.text.TextStim'>, alignHoriz=method-wrapper(...), alignText='center', alignVert=method-wrapper(...), anchorHoriz='center', anchorVert='center', antialias=True, autoDraw=False, autoLog=True, bold=False, color=array([1., 1., 1.]), colorSpace='rgb', contrast=1.0, depth=0.0, draggable=False, flipHoriz=False, flipVert=False, font='Arial', fontFiles=[], height=0.05, italic=False, languageStyle='LTR', name='experiment_over', opacity=1.0, ori=0.0, pos=array([0., 0.]), rgb=UNKNOWN, text=str(...), units='height', win=Window(...), wrapWidth=1)
0.0044 	EXP 	textbox: autoLog = True
0.0044 	EXP 	textbox_5: autoLog = True
0.0044 	EXP 	textbox_6: autoLog = True
0.0044 	EXP 	textbox_9: autoLog = True
0.0044 	EXP 	textbox_12: autoLog = True
0.0044 	EXP 	textbox_10: autoLog = True
0.0044 	EXP 	textbox_7: autoLog = True
0.0044 	EXP 	textbox_8: autoLog = True
0.0044 	EXP 	prod_resp: autoLog = True
0.0067 	EXP 	Created sequence: random, trialTypes=1, nReps=1, seed=None
0.0069 	EXP 	New trial (rep=0, index=0): None
0.0221 	EXP 	begin_text: alignText = 'left'
0.0221 	EXP 	begin_text: autoDraw = True
0.0221 	EXP 	begin_text: height = 0.05
0.0221 	EXP 	begin_text: height = 0.05
0.0221 	EXP 	begin_text: height = 0.05
0.0221 	EXP 	begin_text: text = 'Thank you for your interest in our experiment! \n\nBefore we can start, please read the following consent form.\n\nPress SPACEBAR to continue.'
12.5171 	DATA 	Keypress: space
12.5241 	EXP 	begin_text: autoDraw = False
12.5241 	EXP 	consent_image: autoDraw = True
12.5241 	EXP 	text_10: autoDraw = True
13.6160 	DATA 	Keypress: space
13.6252 	EXP 	consent_image: autoDraw = False
13.6252 	EXP 	text_10: autoDraw = False
13.6252 	EXP 	consent_image_2: autoDraw = True
13.6252 	EXP 	text_39: autoDraw = True
14.0164 	DATA 	Keypress: space
14.0257 	EXP 	consent_image_2: autoDraw = False
14.0257 	EXP 	text_39: autoDraw = False
14.0257 	EXP 	consent_image_3: autoDraw = True
14.0257 	EXP 	text_40: autoDraw = True
14.3829 	DATA 	Keypress: space
14.3919 	EXP 	consent_image_3: autoDraw = False
14.3919 	EXP 	text_40: autoDraw = False
14.3919 	EXP 	consent_image_4: autoDraw = True
14.3919 	EXP 	text_42: autoDraw = True
14.6986 	DATA 	Keypress: space
14.7088 	EXP 	consent_image_4: autoDraw = False
14.7088 	EXP 	text_42: autoDraw = False
14.7088 	EXP 	consent_image_5: autoDraw = True
14.7088 	EXP 	text_43: autoDraw = True
15.0159 	DATA 	Keypress: space
15.0246 	EXP 	consent_image_5: autoDraw = False
15.0246 	EXP 	text_43: autoDraw = False
15.0246 	EXP 	consent_image_6: autoDraw = True
15.0246 	EXP 	text_49: autoDraw = True
15.3883 	DATA 	Keypress: space
15.3943 	EXP 	consent_image_6: autoDraw = False
15.3943 	EXP 	text_49: autoDraw = False
15.3943 	EXP 	demographic_instr: alignText = 'left'
15.3943 	EXP 	text_9: alignText = 'left'
15.3943 	EXP 	demographic_instr: autoDraw = True
15.3943 	EXP 	text_9: autoDraw = True
15.3943 	EXP 	demographic_instr: height = 0.04
15.3943 	EXP 	demographic_instr: height = 0.04
15.3943 	EXP 	demographic_instr: height = 0.04
15.3943 	EXP 	demographic_instr: text = 'As part of this study, we would like to collect a small amount of demographic information from you. \n\nThis information will be completely anonymous. Completing this information is voluntary, but it is very helpful for us. \n\nYou are free to refuse to answer any of these questions.'
15.3943 	EXP 	text_9: height = 0.04
15.3943 	EXP 	text_9: height = 0.04
15.3943 	EXP 	text_9: height = 0.04
15.3943 	EXP 	text_9: text = 'Press SPACEBAR to continue.'
16.2243 	DATA 	Keypress: space
16.2297 	EXP 	demographic_instr: autoDraw = False
16.2297 	EXP 	text_9: autoDraw = False
16.2297 	EXP 	age_text: autoDraw = True
16.2297 	EXP 	textbox: autoDraw = True
16.2297 	EXP 	text_3: autoDraw = True
16.8319 	DATA 	Keypress: return
16.8637 	EXP 	age_text: autoDraw = False
16.8637 	EXP 	textbox: autoDraw = False
16.8637 	EXP 	text_3: autoDraw = False
16.8637 	EXP 	age_text_5: autoDraw = True
16.8637 	EXP 	textbox_5: autoDraw = True
16.8637 	EXP 	text_7: autoDraw = True
17.4048 	DATA 	Keypress: return
17.4471 	EXP 	age_text_5: autoDraw = False
17.4471 	EXP 	textbox_5: autoDraw = False
17.4471 	EXP 	text_7: autoDraw = False
17.4471 	EXP 	age_text_6: autoDraw = True
17.4471 	EXP 	textbox_6: autoDraw = True
17.4471 	EXP 	text_8: autoDraw = True
18.6645 	DATA 	Keypress: return
18.6703 	EXP 	age_text_6: autoDraw = False
18.6703 	EXP 	textbox_6: autoDraw = False
18.6703 	EXP 	text_8: autoDraw = False
18.6703 	EXP 	instructions_text: alignText = 'left'
18.6703 	EXP 	instructions_text: autoDraw = True
18.6703 	EXP 	instructions_text: height = 0.04
18.6703 	EXP 	instructions_text: height = 0.04
18.6703 	EXP 	instructions_text: height = 0.04
18.6703 	EXP 	instructions_text: text = 'In the first part of the experiment you will see several creatures and their names. \n\nYour task is to learn the names of these creatures. \n\nYou will practice learning the names by typing each name in a text box. After typing the name of each creature, press enter to continue to the next trial.\n\n\n'
20.6565 	EXP 	text_31: autoDraw = True
21.1772 	DATA 	Keypress: return
21.1896 	EXP 	instructions_text: autoDraw = False
21.1896 	EXP 	text_31: autoDraw = False
21.1896 	EXP 	experiment_start: autoDraw = True
21.1896 	EXP 	text_32: autoDraw = True
22.3568 	EXP 	Created sequence: random, trialTypes=1, nReps=0, seed=None
22.3590 	DATA 	Keypress: return
22.3723 	EXP 	experiment_start: autoDraw = False
22.3723 	EXP 	text_32: autoDraw = False
22.3723 	EXP 	text_36: autoDraw = True
22.8556 	EXP 	text_37: autoDraw = True
23.8774 	EXP 	Imported blocks.csv as conditions, 1 conditions, 1 params
23.8776 	EXP 	Created sequence: sequential, trialTypes=1, nReps=1, seed=None
23.8778 	EXP 	New trial (rep=0, index=0): OrderedDict([('select_condition', 'Condition2.csv')])
23.8846 	EXP 	Imported Condition2.csv as conditions, 24 conditions, 8 params
23.8849 	EXP 	Created sequence: random, trialTypes=24, nReps=0, seed=None
23.8880 	DATA 	Keypress: return
23.8941 	EXP 	text_36: autoDraw = False
23.8941 	EXP 	text_37: autoDraw = False
23.8941 	EXP 	instr: autoDraw = True
26.8878 	EXP 	text_34: autoDraw = True
27.4740 	DATA 	Keypress: return
27.4874 	EXP 	instr: autoDraw = False
27.4874 	EXP 	text_34: autoDraw = False
27.4874 	EXP 	instr_2: autoDraw = True
27.7374 	EXP 	text_44: autoDraw = True
28.6279 	EXP 	Imported production_condition.csv as conditions, 18 conditions, 12 params
28.6283 	EXP 	Created sequence: random, trialTypes=18, nReps=0, seed=None
28.6305 	DATA 	Keypress: return
28.6383 	EXP 	instr_2: autoDraw = False
28.6383 	EXP 	text_44: autoDraw = False
28.6383 	EXP 	text_13: autoDraw = True
31.6364 	EXP 	text_35: autoDraw = True
33.0387 	DATA 	Keypress: return
33.0524 	EXP 	text_13: autoDraw = False
33.0524 	EXP 	text_35: autoDraw = False
33.0524 	EXP 	text_41: autoDraw = True
34.5376 	DATA 	Keypress: return
34.5651 	EXP 	Imported 2afc_condition.csv as conditions, 42 conditions, 17 params
34.5655 	EXP 	Created sequence: random, trialTypes=42, nReps=0, seed=None
34.5732 	EXP 	text_41: autoDraw = False
34.5732 	EXP 	text_52: autoDraw = True
35.2419 	EXP 	Imported comprehension_condition.csv as conditions, 30 conditions, 12 params
35.2504 	EXP 	Created sequence: random, trialTypes=30, nReps=1, seed=None
35.2507 	EXP 	New trial (rep=0, index=0): OrderedDict([('comprehension_label', 'shindernem'), ('stem', 'shinder'), ('suffix', 'nem'), ('image1', 'stems_all/15.PNG'), ('image2', 'stems_all/15_dim_sg.PNG'), ('stem_condition', 'novel'), ('image3', 'stems_all/15_dim_pl.PNG'), ('image4', 'stems_all/15_2.PNG'), ('image1_label', 'big_sg'), ('image2_label', 'dim_sg'), ('image3_label', 'dim_pl'), ('image4_label', 'big_pl')])
35.2617 	DATA 	Keypress: return
35.2684 	EXP 	text_52: autoDraw = False
35.2684 	EXP 	prod_image1_4: image = 'stems_all/15.PNG'
35.2684 	EXP 	production_text: height = 0.05
35.2684 	EXP 	production_text: height = 0.05
35.2684 	EXP 	production_text: height = 0.05
35.2684 	EXP 	production_text: text = 'shindernem'
35.2684 	EXP 	prod_image1_4: autoDraw = True
36.2516 	EXP 	production_text: autoDraw = True
37.2515 	EXP 	production_text: autoDraw = False
37.2839 	EXP 	prod_image1_4: autoDraw = False
37.2839 	EXP 	production_text: autoDraw = False
37.2839 	EXP 	prod_image1_5: image = 'stems_all/15.PNG'
37.2839 	EXP 	prod_image2_3: image = 'stems_all/15_dim_sg.PNG'
37.2839 	EXP 	alt_image1_3: image = 'stems_all/15_dim_pl.PNG'
37.2839 	EXP 	alt_image2_3: image = 'stems_all/15_2.PNG'
37.2839 	EXP 	text_51: height = 0.05
37.2839 	EXP 	text_51: height = 0.05
37.2839 	EXP 	text_51: height = 0.05
37.2839 	EXP 	text_51: text = 'shindernem'
37.2839 	EXP 	text_51: autoDraw = True
37.5012 	EXP 	prod_image1_5: autoDraw = True
37.5012 	EXP 	prod_image2_3: autoDraw = True
37.5012 	EXP 	alt_image1_3: autoDraw = True
37.5012 	EXP 	alt_image2_3: autoDraw = True
65.3442 	DATA 	Mouse: Left button down, pos=(666,425)
65.3651 	EXP 	prod_image1_5: autoDraw = False
65.3651 	EXP 	prod_image2_3: autoDraw = False
65.3651 	EXP 	alt_image1_3: autoDraw = False
65.3651 	EXP 	alt_image2_3: autoDraw = False
65.3651 	EXP 	text_51: autoDraw = False
65.3651 	EXP 	text_25: autoDraw = True
65.5113 	DATA 	Mouse:  Left button up, pos=(662,412)
66.1094 	EXP 	New trial (rep=0, index=1): OrderedDict([('comprehension_label', 'baldan'), ('stem', 'bal'), ('suffix', 'dan'), ('image1', 'stems_all/1.PNG'), ('image2', 'stems_all/1_dim_sg.PNG'), ('stem_condition', 'familiar'), ('image3', 'stems_all/1_dim_pl.PNG'), ('image4', 'stems_all/1_2.PNG'), ('image1_label', 'big_sg'), ('image2_label', 'dim_sg'), ('image3_label', 'dim_pl'), ('image4_label', 'big_pl')])
66.1302 	EXP 	text_25: autoDraw = False
66.1302 	EXP 	prod_image1_4: image = 'stems_all/1.PNG'
66.1302 	EXP 	production_text: height = 0.05
66.1302 	EXP 	production_text: height = 0.05
66.1302 	EXP 	production_text: height = 0.05
66.1302 	EXP 	production_text: text = 'baldan'
66.1302 	EXP 	prod_image1_4: autoDraw = True
67.1087 	EXP 	production_text: autoDraw = True
68.1083 	EXP 	production_text: autoDraw = False
68.1561 	EXP 	prod_image1_4: autoDraw = False
68.1561 	EXP 	production_text: autoDraw = False
68.1561 	EXP 	prod_image1_5: image = 'stems_all/1.PNG'
68.1561 	EXP 	prod_image2_3: image = 'stems_all/1_dim_sg.PNG'
68.1561 	EXP 	alt_image1_3: image = 'stems_all/1_dim_pl.PNG'
68.1561 	EXP 	alt_image2_3: image = 'stems_all/1_2.PNG'
68.1561 	EXP 	text_51: height = 0.05
68.1561 	EXP 	text_51: height = 0.05
68.1561 	EXP 	text_51: height = 0.05
68.1561 	EXP 	text_51: text = 'baldan'
68.1561 	EXP 	text_51: autoDraw = True
68.3585 	EXP 	prod_image1_5: autoDraw = True
68.3585 	EXP 	prod_image2_3: autoDraw = True
68.3585 	EXP 	alt_image1_3: autoDraw = True
68.3585 	EXP 	alt_image2_3: autoDraw = True
83.1374 	DATA 	Keypress: escape
83.3044 	EXP 	generalizability_mini: status = STOPPED
83.3207 	EXP 	prod_image1_5: autoDraw = False
83.3207 	EXP 	prod_image2_3: autoDraw = False
83.3207 	EXP 	alt_image1_3: autoDraw = False
83.3207 	EXP 	alt_image2_3: autoDraw = False
83.3207 	EXP 	text_51: autoDraw = False
83.3208 	EXP 	generalizability_mini: status = STOPPED
83.3808 	EXP 	window1: mouseVisible = True
